<?xml version="1.0" encoding="UTF-8"?>
<testsuite name="webshop.persistence.inmemory.IMInvoiceMapperTest" time="0" tests="3" errors="0" skipped="0" failures="2">
  <properties>
    <property name="java.runtime.name" value="Java(TM) SE Runtime Environment"/>
    <property name="sun.boot.library.path" value="/usr/lib/jvm/java-8-oracle/jre/lib/amd64"/>
    <property name="java.vm.version" value="25.151-b12"/>
    <property name="java.vm.vendor" value="Oracle Corporation"/>
    <property name="maven.multiModuleProjectDirectory" value="/home/hom/sebi/sen1/trunk/45_assessment/examprojects/webshop2015b/code/webshopmodelmvn"/>
    <property name="java.vendor.url" value="http://java.oracle.com/"/>
    <property name="path.separator" value=":"/>
    <property name="guice.disable.misplaced.annotation.check" value="true"/>
    <property name="java.vm.name" value="Java HotSpot(TM) 64-Bit Server VM"/>
    <property name="file.encoding.pkg" value="sun.io"/>
    <property name="user.country" value="US"/>
    <property name="sun.java.launcher" value="SUN_STANDARD"/>
    <property name="sun.os.patch.level" value="unknown"/>
    <property name="java.vm.specification.name" value="Java Virtual Machine Specification"/>
    <property name="user.dir" value="/home/hom/sebi/sen1/trunk/45_assessment/examprojects/webshop2015b/code/webshopmodelmvn"/>
    <property name="java.runtime.version" value="1.8.0_151-b12"/>
    <property name="java.awt.graphicsenv" value="sun.awt.X11GraphicsEnvironment"/>
    <property name="java.endorsed.dirs" value="/usr/lib/jvm/java-8-oracle/jre/lib/endorsed"/>
    <property name="os.arch" value="amd64"/>
    <property name="java.io.tmpdir" value="/tmp"/>
    <property name="line.separator" value="&#10;"/>
    <property name="java.vm.specification.vendor" value="Oracle Corporation"/>
    <property name="os.name" value="Linux"/>
    <property name="classworlds.conf" value="/usr/share/maven/bin/m2.conf"/>
    <property name="sun.jnu.encoding" value="UTF-8"/>
    <property name="java.library.path" value="/usr/java/packages/lib/amd64:/usr/lib64:/lib64:/lib:/usr/lib"/>
    <property name="java.specification.name" value="Java Platform API Specification"/>
    <property name="java.class.version" value="52.0"/>
    <property name="sun.management.compiler" value="HotSpot 64-Bit Tiered Compilers"/>
    <property name="os.version" value="4.10.0-38-generic"/>
    <property name="user.home" value="/home/hom"/>
    <property name="user.timezone" value="Europe/Amsterdam"/>
    <property name="java.awt.printerjob" value="sun.print.PSPrinterJob"/>
    <property name="file.encoding" value="UTF-8"/>
    <property name="java.specification.version" value="1.8"/>
    <property name="user.name" value="hom"/>
    <property name="java.class.path" value="/usr/share/maven/boot/plexus-classworlds-2.x.jar"/>
    <property name="java.vm.specification.version" value="1.8"/>
    <property name="sun.arch.data.model" value="64"/>
    <property name="java.home" value="/usr/lib/jvm/java-8-oracle/jre"/>
    <property name="sun.java.command" value="org.codehaus.plexus.classworlds.launcher.Launcher install"/>
    <property name="java.specification.vendor" value="Oracle Corporation"/>
    <property name="user.language" value="en"/>
    <property name="awt.toolkit" value="sun.awt.X11.XToolkit"/>
    <property name="java.vm.info" value="mixed mode"/>
    <property name="java.version" value="1.8.0_151"/>
    <property name="java.ext.dirs" value="/usr/lib/jvm/java-8-oracle/jre/lib/ext:/usr/java/packages/lib/ext"/>
    <property name="securerandom.source" value="file:/dev/./urandom"/>
    <property name="sun.boot.class.path" value="/usr/lib/jvm/java-8-oracle/jre/lib/resources.jar:/usr/lib/jvm/java-8-oracle/jre/lib/rt.jar:/usr/lib/jvm/java-8-oracle/jre/lib/sunrsasign.jar:/usr/lib/jvm/java-8-oracle/jre/lib/jsse.jar:/usr/lib/jvm/java-8-oracle/jre/lib/jce.jar:/usr/lib/jvm/java-8-oracle/jre/lib/charsets.jar:/usr/lib/jvm/java-8-oracle/jre/lib/jfr.jar:/usr/lib/jvm/java-8-oracle/jre/classes"/>
    <property name="java.vendor" value="Oracle Corporation"/>
    <property name="maven.home" value="/usr/share/maven"/>
    <property name="file.separator" value="/"/>
    <property name="java.vendor.url.bug" value="http://bugreport.sun.com/bugreport/"/>
    <property name="sun.cpu.endian" value="little"/>
    <property name="sun.io.unicode.encoding" value="UnicodeLittle"/>
    <property name="sun.desktop" value="gnome"/>
    <property name="sun.cpu.isalist" value=""/>
  </properties>
  <testcase name="testSaveAndLoad" classname="webshop.persistence.inmemory.IMInvoiceMapperTest" time="0">
    <failure message="not same invoice expected:&lt;Invoice{number=1,&#10; calculator=webshop.entities.Invoice$DefaultReduction@1e88b3c,&#10; invoiceDate=2017-11-08&#10;lines:---&#10;	id	0&#10;	product	Product{id=3, description=Targa 911, vatLevel=HIGH, price=1230095}&#10;	quantity	1&#10;	invoiceId	0&#10;	salesPrice	1463813&#10;	vat	233718&#10;	id	0&#10;	product	Product{id=7, description=Objects First, vatLevel=LOW, price=4800}&#10;	quantity	1&#10;	invoiceId	0&#10;	salesPrice	5088&#10;	vat	288&#10;----}&gt; but was:&lt;Invoice{number=1,&#10; calculator=webshop.entities.Invoice$DefaultReduction@6e1567f1,&#10; invoiceDate=2017-11-08&#10;lines:---&#10;	id	0&#10;	product	Product{id=3, description=Targa 911, vatLevel=HIGH, price=1230095}&#10;	quantity	1&#10;	invoiceId	0&#10;	salesPrice	1463813&#10;	vat	233718&#10;	id	0&#10;	product	Product{id=7, description=Objects First, vatLevel=LOW, price=4800}&#10;	quantity	1&#10;	invoiceId	0&#10;	salesPrice	5088&#10;	vat	288&#10;----}&gt;" type="java.lang.AssertionError"><![CDATA[java.lang.AssertionError: not same invoice expected:<Invoice{number=1,
 calculator=webshop.entities.Invoice$DefaultReduction@1e88b3c,
 invoiceDate=2017-11-08
lines:---
	id	0
	product	Product{id=3, description=Targa 911, vatLevel=HIGH, price=1230095}
	quantity	1
	invoiceId	0
	salesPrice	1463813
	vat	233718
	id	0
	product	Product{id=7, description=Objects First, vatLevel=LOW, price=4800}
	quantity	1
	invoiceId	0
	salesPrice	5088
	vat	288
----}> but was:<Invoice{number=1,
 calculator=webshop.entities.Invoice$DefaultReduction@6e1567f1,
 invoiceDate=2017-11-08
lines:---
	id	0
	product	Product{id=3, description=Targa 911, vatLevel=HIGH, price=1230095}
	quantity	1
	invoiceId	0
	salesPrice	1463813
	vat	233718
	id	0
	product	Product{id=7, description=Objects First, vatLevel=LOW, price=4800}
	quantity	1
	invoiceId	0
	salesPrice	5088
	vat	288
----}>
	at org.junit.Assert.fail(Assert.java:88)
	at org.junit.Assert.failNotEquals(Assert.java:834)
	at org.junit.Assert.assertEquals(Assert.java:118)
	at webshop.persistence.inmemory.IMInvoiceMapperTest.testSaveAndLoad(IMInvoiceMapperTest.java:54)
]]></failure>
    <system-out><![CDATA[notify observers of IMCart
notify observers of IMCart
notify observers of IMCart
notify observers of IMCart
Fails on date
toBeSaved = Invoice{number=0,
 calculator=webshop.entities.Invoice$DefaultReduction@1e88b3c,
 invoiceDate=2017-11-08
lines:---
	id	0
	product	Product{id=3, description=Targa 911, vatLevel=HIGH, price=1230095}
	quantity	1
	invoiceId	0
	salesPrice	1463813
	vat	233718
	id	0
	product	Product{id=7, description=Objects First, vatLevel=LOW, price=4800}
	quantity	1
	invoiceId	0
	salesPrice	5088
	vat	288
----}
==================================
Fails on date
Fails on number
restored = Invoice{number=1,
 calculator=webshop.entities.Invoice$DefaultReduction@6e1567f1,
 invoiceDate=2017-11-08
lines:---
	id	0
	product	Product{id=3, description=Targa 911, vatLevel=HIGH, price=1230095}
	quantity	1
	invoiceId	0
	salesPrice	1463813
	vat	233718
	id	0
	product	Product{id=7, description=Objects First, vatLevel=LOW, price=4800}
	quantity	1
	invoiceId	0
	salesPrice	5088
	vat	288
----}
==================================
Fails on date
]]></system-out>
  </testcase>
  <testcase name="testGetInvoiceIDs" classname="webshop.persistence.inmemory.IMInvoiceMapperTest" time="0"/>
  <testcase name="testLoadAll" classname="webshop.persistence.inmemory.IMInvoiceMapperTest" time="0">
    <failure message="invoices 1 are not same expected:&lt;Invoice{number=4,&#10; calculator=webshop.entities.Invoice$DefaultReduction@1e88b3c,&#10; invoiceDate=2017-11-08&#10;lines:---&#10;	id	0&#10;	product	Product{id=3, description=Targa 911, vatLevel=HIGH, price=1230095}&#10;	quantity	1&#10;	invoiceId	0&#10;	salesPrice	1463813&#10;	vat	233718&#10;	id	0&#10;	product	Product{id=7, description=Objects First, vatLevel=LOW, price=4800}&#10;	quantity	1&#10;	invoiceId	0&#10;	salesPrice	5088&#10;	vat	288&#10;----}&gt; but was:&lt;Invoice{number=4,&#10; calculator=webshop.entities.Invoice$DefaultReduction@3c0f93f1,&#10; invoiceDate=2017-11-08&#10;lines:---&#10;	id	0&#10;	product	Product{id=3, description=Targa 911, vatLevel=HIGH, price=1230095}&#10;	quantity	1&#10;	invoiceId	0&#10;	salesPrice	1463813&#10;	vat	233718&#10;	id	0&#10;	product	Product{id=7, description=Objects First, vatLevel=LOW, price=4800}&#10;	quantity	1&#10;	invoiceId	0&#10;	salesPrice	5088&#10;	vat	288&#10;----}&gt;" type="java.lang.AssertionError"><![CDATA[java.lang.AssertionError: invoices 1 are not same expected:<Invoice{number=4,
 calculator=webshop.entities.Invoice$DefaultReduction@1e88b3c,
 invoiceDate=2017-11-08
lines:---
	id	0
	product	Product{id=3, description=Targa 911, vatLevel=HIGH, price=1230095}
	quantity	1
	invoiceId	0
	salesPrice	1463813
	vat	233718
	id	0
	product	Product{id=7, description=Objects First, vatLevel=LOW, price=4800}
	quantity	1
	invoiceId	0
	salesPrice	5088
	vat	288
----}> but was:<Invoice{number=4,
 calculator=webshop.entities.Invoice$DefaultReduction@3c0f93f1,
 invoiceDate=2017-11-08
lines:---
	id	0
	product	Product{id=3, description=Targa 911, vatLevel=HIGH, price=1230095}
	quantity	1
	invoiceId	0
	salesPrice	1463813
	vat	233718
	id	0
	product	Product{id=7, description=Objects First, vatLevel=LOW, price=4800}
	quantity	1
	invoiceId	0
	salesPrice	5088
	vat	288
----}>
	at org.junit.Assert.fail(Assert.java:88)
	at org.junit.Assert.failNotEquals(Assert.java:834)
	at org.junit.Assert.assertEquals(Assert.java:118)
	at webshop.persistence.inmemory.IMInvoiceMapperTest.testLoadAll(IMInvoiceMapperTest.java:93)
]]></failure>
    <system-out><![CDATA[notify observers of IMCart
notify observers of IMCart
notify observers of IMCart
notify observers of IMCart
Fails on date
Fails on date
Fails on number
Fails on number
Fails on date
Fails on date
]]></system-out>
  </testcase>
</testsuite>